<?xml version="1.0" encoding="UTF-8"?>
<!-- Generated by org.testng.reporters.JUnitReportReporter -->
<testsuite hostname="Xamarin77Macmini.local" failures="0" tests="2" name="com.iOS.Scripts.UserLogin" time="110.424" errors="0" timestamp="07 Dec 2017 03:32:49 GMT" skipped="1">
  <testcase classname="com.iOS.Scripts.UserLogin" name="testUserLogin" time="110.424"/>
  <testcase classname="com.iOS.Scripts.UserLogin" name="testUserLoginInvalidCredentials">
    <skipped/>
  </testcase> <!-- testUserLoginInvalidCredentials -->
</testsuite> <!-- com.iOS.Scripts.UserLogin -->
