<?xml version="1.0" encoding="UTF-8"?>
<!-- Generated by org.testng.reporters.JUnitReportReporter -->
<testsuite hostname="Xamarin77Macmini.local" failures="0" tests="1" name="com.iOS.Scripts.UserRegistration" time="222.525" errors="0" timestamp="13 Dec 2017 13:12:06 GMT" skipped="0">
  <testcase classname="com.iOS.Scripts.UserRegistration" name="testUserRegistration" time="222.525"/>
</testsuite> <!-- com.iOS.Scripts.UserRegistration -->
